<?xml version="1.0" ?>
<!DOCTYPE coverage SYSTEM "http://cobertura.sourceforge.net/xml/coverage-04.dtd">
<coverage lines-valid="26" lines-covered="16" line-rate="0.6154" branches-valid="5" branches-covered="4" branch-rate="0.8" timestamp="1581443423223" complexity="0" version="0.1">
  <sources>
    <source>/web/my/jest-test</source>
  </sources>
  <packages>
    <class name="index.js" filename="index.js" line-rate="1" branch-rate="1">
      <methods>
        <method name="Test" hits="1" signature="()V">
          <lines>
            <line number="3" hits="1"/>
          </lines>
        </method>
        <method name="run" hits="1" signature="()V">
          <lines>
            <line number="7" hits="1"/>
          </lines>
        </method>
        <method name="map.<computed>.f" hits="1" signature="()V">
          <lines>
            <line number="9" hits="1"/>
          </lines>
        </method>
      </methods>
      <lines>
        <line number="1" hits="1" branch="false"/>
        <line number="2" hits="1" branch="false"/>
        <line number="3" hits="1" branch="true" condition-coverage="100% (1/1)"/>
        <line number="4" hits="1" branch="false"/>
        <line number="5" hits="1" branch="false"/>
        <line number="6" hits="1" branch="false"/>
        <line number="7" hits="1" branch="true" condition-coverage="100% (1/1)"/>
        <line number="8" hits="1" branch="false"/>
        <line number="9" hits="1" branch="true" condition-coverage="100% (1/1)"/>
        <line number="10" hits="1" branch="false"/>
        <line number="11" hits="1" branch="false"/>
        <line number="12" hits="1" branch="false"/>
        <line number="13" hits="1" branch="false"/>
        <line number="14" hits="1" branch="false"/>
        <line number="15" hits="1" branch="false"/>
        <line number="16" hits="1" branch="true" condition-coverage="100% (1/1)"/>
      </lines>
    </class>
    <class name="jest.config.js" filename="jest.config.js" line-rate="0" branch-rate="0">
      <methods>
        <method name="(empty-report)" hits="0" signature="()V">
          <lines>
            <line number="1" hits="0"/>
          </lines>
        </method>
      </methods>
      <lines>
        <line number="1" hits="0" branch="true" condition-coverage="0% (0/1)"/>
        <line number="2" hits="0" branch="false"/>
        <line number="3" hits="0" branch="false"/>
        <line number="4" hits="0" branch="false"/>
        <line number="5" hits="0" branch="false"/>
        <line number="6" hits="0" branch="false"/>
        <line number="7" hits="0" branch="false"/>
        <line number="8" hits="0" branch="false"/>
        <line number="9" hits="0" branch="false"/>
        <line number="10" hits="0" branch="false"/>
      </lines>
    </class>
  </packages>
</coverage>
