<?xml version="1.0" ?>
<!DOCTYPE coverage SYSTEM "http://cobertura.sourceforge.net/xml/coverage-04.dtd">
<coverage lines-valid="8" lines-covered="7" line-rate="0.875" branches-valid="0" branches-covered="0" branch-rate="1" timestamp="1581443427609" complexity="0" version="0.1">
  <sources>
    <source>/web/my/jest-test</source>
  </sources>
  <packages>
    <class name="index.js" filename="index.js" line-rate="1" branch-rate="1">
      <methods>
        <method name="(anonymous_0)" hits="1" signature="()V">
          <lines>
            <line number="3" hits="1"/>
          </lines>
        </method>
        <method name="(anonymous_1)" hits="1" signature="()V">
          <lines>
            <line number="7" hits="1"/>
          </lines>
        </method>
        <method name="(anonymous_2)" hits="1" signature="()V">
          <lines>
            <line number="9" hits="1"/>
          </lines>
        </method>
      </methods>
      <lines>
        <line number="4" hits="1" branch="false"/>
        <line number="8" hits="1" branch="false"/>
        <line number="9" hits="1" branch="false"/>
        <line number="10" hits="1" branch="false"/>
        <line number="14" hits="1" branch="false"/>
        <line number="15" hits="1" branch="false"/>
        <line number="16" hits="1" branch="false"/>
      </lines>
    </class>
    <class name="jest.config.js" filename="jest.config.js" line-rate="0" branch-rate="1">
      <methods>
      </methods>
      <lines>
        <line number="3" hits="0" branch="false"/>
      </lines>
    </class>
  </packages>
</coverage>
